C51 COMPILER V9.51   3D_ADC_SPI                                                            01/27/2015 10:06:44 PAGE 1   


C51 COMPILER V9.51, COMPILATION OF MODULE 3D_ADC_SPI
OBJECT MODULE PLACED IN .\output\3d_adc_spi.obj
COMPILER INVOKED BY: C:\Keil\C51\BIN\C51.EXE src\3d_adc_spi.c BROWSE DEBUG OBJECTEXTEND PRINT(.\3d_adc_spi.lst) TABS(2) 
                    -OBJECT(.\output\3d_adc_spi.obj)

line level    source

   1          /*
   2           * Copyright (C) 2006 LIQING CO.,LTD
   3          */
   4          
   5          #include <c8051f350.h>
   6          #include <math.h>
   7          #include "3d_adc_stucts.h"
   8          #include "3d_adc_spi.h"
   9          
  10          sbit  CSB = P0^3;
  11          
  12          void spi0(void) interrupt 6
  13          {
  14   1        unsigned char tmpspi;
  15   1        if(SPIF)
  16   1        {
  17   2          if(spistate == 0)
  18   2          {     
  19   3            SPI0DAT = 0x00;   //get high 8 bit 
  20   3            spistate = 1;
  21   3          }        
  22   2          else if(spistate == 1)
  23   2          {
  24   3            spidata = SPI0DAT; 
  25   3            if(rdaflag == 0)
  26   3            {
  27   4              CSB =1;
  28   4              spistate = 0;
  29   4              angleflag = 1 ; 
  30   4            }
  31   3            else
  32   3            {
  33   4              SPI0DAT = 0x00;   //get low 8 bit
  34   4              spistate = 2;
  35   4            }
  36   3          }       
  37   2          else 
  38   2          {
  39   3            tmpspi = SPI0DAT;
  40   3            spidata = spidata << 8;
  41   3            spidata += tmpspi;
  42   3            spidata = spidata >> 5;
  43   3            CSB =1;
  44   3            spistate = 0;
  45   3            angleflag = 1 ;
  46   3          }
  47   2          SPIF = 0;
  48   2        }
  49   1      }
  50          
  51          void rdat(void)
  52          {
  53   1        CSB = 0;
  54   1        SPI0DAT = 0x08; 
C51 COMPILER V9.51   3D_ADC_SPI                                                            01/27/2015 10:06:44 PAGE 2   

  55   1      }
  56          
  57          void rdax(void)
  58          {
  59   1        CSB = 0;
  60   1        SPI0DAT = 0x10; 
  61   1      }
  62          
  63          void rday(void)
  64          {
  65   1        CSB = 0;
  66   1        SPI0DAT = 0x11; 
  67   1      }
  68          
  69          void getrda(void)
  70          {
  71   1        unsigned char i;
  72   1        if(angleflag == 1)
  73   1        {
  74   2          angleflag = 0;
  75   2          
  76   2          for(i=0;i<30;i++) i = i;
  77   2          if(rdaflag == 0) 
  78   2          {
  79   3            rdatdata += spidata;
  80   3            rday();
  81   3            rdaflag = 1;
  82   3          }
  83   2          else if(rdaflag == 1)
  84   2          {
  85   3            rdaydata += spidata;
  86   3            rdax();
  87   3            rdaflag = 2;    
  88   3          }
  89   2          else if(rdaflag == 2) 
  90   2          {     
  91   3            rdaxdata += spidata;
  92   3            rdai++;
  93   3            rdat(); 
  94   3            rdaflag = 0;
  95   3          }
  96   2       
  97   2          if(rdai >= 200) 
  98   2          {       
  99   3            rdaxp = (long)rdaxdata;
 100   3            rdayp = (long)rdaydata; 
 101   3            rdatp = (long)rdatdata;
 102   3      
 103   3            rdai = 0;
 104   3            rdaxdata = 0;
 105   3            rdaydata = 0;
 106   3            rdatdata = 0;                   
 107   3          }
 108   2        }
 109   1      }   


MODULE INFORMATION:   STATIC OVERLAYABLE
   CODE SIZE        =    406    ----
   CONSTANT SIZE    =   ----    ----
   XDATA SIZE       =   ----    ----
   PDATA SIZE       =   ----    ----
C51 COMPILER V9.51   3D_ADC_SPI                                                            01/27/2015 10:06:44 PAGE 3   

   DATA SIZE        =   ----    ----
   IDATA SIZE       =   ----    ----
   BIT SIZE         =   ----    ----
END OF MODULE INFORMATION.


C51 COMPILATION COMPLETE.  0 WARNING(S),  0 ERROR(S)
